DEBUG:root:num batches:250, batch_size:200, epochs:160
DEBUG:root:Training PCA MLP:
DEBUG:root:Final Mean AUC: 0.038879
DEBUG:root:Iteration: 1, Training Loss: 1.992065191268921,  Validation Acc:0.1076, *
DEBUG:root:Final Mean AUC: 0.016146
DEBUG:root:Iteration: 101, Training Loss: 5.077550888061523,  Validation Acc:0.103, 
DEBUG:root:Final Mean AUC: 0.030054
DEBUG:root:Iteration: 201, Training Loss: 3.374267578125,  Validation Acc:0.2099, *
DEBUG:root:Final Mean AUC: 0.025966
DEBUG:root:Iteration: 301, Training Loss: 3.355708122253418,  Validation Acc:0.2642, *
DEBUG:root:Final Mean AUC: 0.030472
DEBUG:root:Iteration: 401, Training Loss: 2.1144275665283203,  Validation Acc:0.2162, 
DEBUG:root:Final Mean AUC: 0.032105
DEBUG:root:Iteration: 501, Training Loss: 1.1679141521453857,  Validation Acc:0.3974, *
DEBUG:root:Final Mean AUC: 0.025831
DEBUG:root:Iteration: 601, Training Loss: 2.0795974731445312,  Validation Acc:0.3447, 
DEBUG:root:Final Mean AUC: 0.017672
DEBUG:root:Iteration: 701, Training Loss: 2.7802672386169434,  Validation Acc:0.4198, *
DEBUG:root:Final Mean AUC: 0.023235
DEBUG:root:Iteration: 801, Training Loss: 1.3761800527572632,  Validation Acc:0.5097, *
DEBUG:root:Final Mean AUC: 0.019767
DEBUG:root:Iteration: 901, Training Loss: 0.672764778137207,  Validation Acc:0.3581, 
DEBUG:root:Final Mean AUC: 0.018496
DEBUG:root:Iteration: 1001, Training Loss: 0.7672416567802429,  Validation Acc:0.4601, 
DEBUG:root:Final Mean AUC: 0.027474
DEBUG:root:Iteration: 1101, Training Loss: 1.697733759880066,  Validation Acc:0.5122, *
DEBUG:root:Final Mean AUC: 0.017039
DEBUG:root:Iteration: 1201, Training Loss: 2.4963059425354004,  Validation Acc:0.4631, 
DEBUG:root:Final Mean AUC: 0.022026
DEBUG:root:Iteration: 1301, Training Loss: 1.4087673425674438,  Validation Acc:0.5842, *
DEBUG:root:Final Mean AUC: 0.015382
DEBUG:root:Iteration: 1401, Training Loss: 0.4533066749572754,  Validation Acc:0.4781, 
DEBUG:root:Final Mean AUC: 0.017261
DEBUG:root:Iteration: 1501, Training Loss: 0.6047090291976929,  Validation Acc:0.5414, 
DEBUG:root:Final Mean AUC: 0.023707
DEBUG:root:Iteration: 1601, Training Loss: 2.1882095336914062,  Validation Acc:0.5431, 
DEBUG:root:Final Mean AUC: 0.018631
DEBUG:root:Iteration: 1701, Training Loss: 1.9397971630096436,  Validation Acc:0.5253, 
DEBUG:root:Final Mean AUC: 0.020560
DEBUG:root:Iteration: 1801, Training Loss: 1.475816011428833,  Validation Acc:0.6265, *
DEBUG:root:Final Mean AUC: 0.020233
DEBUG:root:Iteration: 1901, Training Loss: 0.3728354871273041,  Validation Acc:0.6454, *
DEBUG:root:Final Mean AUC: 0.019393
DEBUG:root:Iteration: 2001, Training Loss: 0.9258517026901245,  Validation Acc:0.6309, 
DEBUG:root:Final Mean AUC: 0.029224
DEBUG:root:Iteration: 2101, Training Loss: 1.2920458316802979,  Validation Acc:0.7015, *
DEBUG:root:Final Mean AUC: 0.021147
DEBUG:root:Iteration: 2201, Training Loss: 1.9220720529556274,  Validation Acc:0.6695, 
DEBUG:root:Final Mean AUC: 0.024209
DEBUG:root:Iteration: 2301, Training Loss: 1.2981703281402588,  Validation Acc:0.7224, *
DEBUG:root:Final Mean AUC: 0.021838
DEBUG:root:Iteration: 2401, Training Loss: 0.2600686550140381,  Validation Acc:0.7779, *
DEBUG:root:Final Mean AUC: 0.023066
DEBUG:root:Iteration: 2501, Training Loss: 0.5045389533042908,  Validation Acc:0.7183, 
DEBUG:root:Final Mean AUC: 0.030680
DEBUG:root:Iteration: 2601, Training Loss: 1.2006210088729858,  Validation Acc:0.8088, *
DEBUG:root:Final Mean AUC: 0.021511
DEBUG:root:Iteration: 2701, Training Loss: 1.583166241645813,  Validation Acc:0.7531, 
DEBUG:root:Final Mean AUC: 0.021392
DEBUG:root:Iteration: 2801, Training Loss: 1.0742300748825073,  Validation Acc:0.7725, 
DEBUG:root:Final Mean AUC: 0.020211
DEBUG:root:Iteration: 2901, Training Loss: 0.2019278109073639,  Validation Acc:0.8297, *
DEBUG:root:Final Mean AUC: 0.023418
DEBUG:root:Iteration: 3001, Training Loss: 0.37598758935928345,  Validation Acc:0.7775, 
DEBUG:root:Final Mean AUC: 0.027025
DEBUG:root:Iteration: 3101, Training Loss: 1.1145424842834473,  Validation Acc:0.8341, *
DEBUG:root:Final Mean AUC: 0.020441
DEBUG:root:Iteration: 3201, Training Loss: 1.3430434465408325,  Validation Acc:0.7807, 
DEBUG:root:Final Mean AUC: 0.019610
DEBUG:root:Iteration: 3301, Training Loss: 0.9397461414337158,  Validation Acc:0.81, 
DEBUG:root:Final Mean AUC: 0.019129
DEBUG:root:Iteration: 3401, Training Loss: 0.17494428157806396,  Validation Acc:0.8587, *
DEBUG:root:Final Mean AUC: 0.021444
DEBUG:root:Iteration: 3501, Training Loss: 0.29367557168006897,  Validation Acc:0.8141, 
DEBUG:root:Final Mean AUC: 0.023366
DEBUG:root:Iteration: 3601, Training Loss: 0.9510421752929688,  Validation Acc:0.8553, 
DEBUG:root:Final Mean AUC: 0.019400
DEBUG:root:Iteration: 3701, Training Loss: 1.2172003984451294,  Validation Acc:0.7993, 
DEBUG:root:Final Mean AUC: 0.018447
DEBUG:root:Iteration: 3801, Training Loss: 0.86171954870224,  Validation Acc:0.8309, 
DEBUG:root:Final Mean AUC: 0.017766
DEBUG:root:Iteration: 3901, Training Loss: 0.16427181661128998,  Validation Acc:0.8716, *
DEBUG:root:Final Mean AUC: 0.020131
DEBUG:root:Iteration: 4001, Training Loss: 0.25200125575065613,  Validation Acc:0.8352, 
DEBUG:root:Final Mean AUC: 0.021153
DEBUG:root:Iteration: 4101, Training Loss: 0.8479036092758179,  Validation Acc:0.8705, 
DEBUG:root:Final Mean AUC: 0.018468
DEBUG:root:Iteration: 4201, Training Loss: 1.1275105476379395,  Validation Acc:0.8105, 
DEBUG:root:Final Mean AUC: 0.017466
DEBUG:root:Iteration: 4301, Training Loss: 0.7817133665084839,  Validation Acc:0.8437, 
DEBUG:root:Final Mean AUC: 0.016484
DEBUG:root:Iteration: 4401, Training Loss: 0.15926995873451233,  Validation Acc:0.8804, *
DEBUG:root:Final Mean AUC: 0.019085
DEBUG:root:Iteration: 4501, Training Loss: 0.23883399367332458,  Validation Acc:0.8492, 
DEBUG:root:Final Mean AUC: 0.019863
DEBUG:root:Iteration: 4601, Training Loss: 0.7893544435501099,  Validation Acc:0.8771, 
DEBUG:root:Final Mean AUC: 0.017543
DEBUG:root:Iteration: 4701, Training Loss: 1.0334604978561401,  Validation Acc:0.8227, 
DEBUG:root:Final Mean AUC: 0.016684
DEBUG:root:Iteration: 4801, Training Loss: 0.7387842535972595,  Validation Acc:0.8545, 
DEBUG:root:Final Mean AUC: 0.016265
DEBUG:root:Iteration: 4901, Training Loss: 0.1566055864095688,  Validation Acc:0.8864, *
DEBUG:root:Final Mean AUC: 0.018432
DEBUG:root:Iteration: 5001, Training Loss: 0.23489445447921753,  Validation Acc:0.8612, 
DEBUG:root:Final Mean AUC: 0.018822
DEBUG:root:Iteration: 5101, Training Loss: 0.736951470375061,  Validation Acc:0.8832, 
DEBUG:root:Final Mean AUC: 0.016643
DEBUG:root:Iteration: 5201, Training Loss: 0.951327383518219,  Validation Acc:0.8353, 
DEBUG:root:Final Mean AUC: 0.016303
DEBUG:root:Iteration: 5301, Training Loss: 0.6978024244308472,  Validation Acc:0.8641, 
DEBUG:root:Final Mean AUC: 0.015482
DEBUG:root:Iteration: 5401, Training Loss: 0.1504376232624054,  Validation Acc:0.8944, *
DEBUG:root:Final Mean AUC: 0.017871
DEBUG:root:Iteration: 5501, Training Loss: 0.22053013741970062,  Validation Acc:0.8714, 
DEBUG:root:Final Mean AUC: 0.017899
DEBUG:root:Iteration: 5601, Training Loss: 0.6847314238548279,  Validation Acc:0.8898, 
DEBUG:root:Final Mean AUC: 0.015734
DEBUG:root:Iteration: 5701, Training Loss: 0.8692353963851929,  Validation Acc:0.847, 
DEBUG:root:Final Mean AUC: 0.015593
DEBUG:root:Iteration: 5801, Training Loss: 0.6468036770820618,  Validation Acc:0.8729, 
DEBUG:root:Final Mean AUC: 0.015036
DEBUG:root:Iteration: 5901, Training Loss: 0.1422293335199356,  Validation Acc:0.9019, *
DEBUG:root:Final Mean AUC: 0.016967
DEBUG:root:Iteration: 6001, Training Loss: 0.20681795477867126,  Validation Acc:0.8803, 
DEBUG:root:Final Mean AUC: 0.016440
DEBUG:root:Iteration: 6101, Training Loss: 0.6307834982872009,  Validation Acc:0.8969, 
DEBUG:root:Final Mean AUC: 0.015330
DEBUG:root:Iteration: 6201, Training Loss: 0.803804337978363,  Validation Acc:0.8567, 
DEBUG:root:Final Mean AUC: 0.014588
DEBUG:root:Iteration: 6301, Training Loss: 0.5931665897369385,  Validation Acc:0.8784, 
DEBUG:root:Final Mean AUC: 0.014064
DEBUG:root:Iteration: 6401, Training Loss: 0.12921947240829468,  Validation Acc:0.9088, *
DEBUG:root:Final Mean AUC: 0.015953
DEBUG:root:Iteration: 6501, Training Loss: 0.19425103068351746,  Validation Acc:0.8878, 
DEBUG:root:Final Mean AUC: 0.015483
DEBUG:root:Iteration: 6601, Training Loss: 0.597250759601593,  Validation Acc:0.9025, 
DEBUG:root:Final Mean AUC: 0.014860
DEBUG:root:Iteration: 6701, Training Loss: 0.7335165143013,  Validation Acc:0.8667, 
DEBUG:root:Final Mean AUC: 0.014063
DEBUG:root:Iteration: 6801, Training Loss: 0.5318498015403748,  Validation Acc:0.8871, 
DEBUG:root:Final Mean AUC: 0.013534
DEBUG:root:Iteration: 6901, Training Loss: 0.11765298247337341,  Validation Acc:0.914, *
DEBUG:root:Final Mean AUC: 0.014909
DEBUG:root:Iteration: 7001, Training Loss: 0.1806333363056183,  Validation Acc:0.895, 
DEBUG:root:Final Mean AUC: 0.014804
DEBUG:root:Iteration: 7101, Training Loss: 0.5545300245285034,  Validation Acc:0.9076, 
DEBUG:root:Final Mean AUC: 0.013785
DEBUG:root:Iteration: 7201, Training Loss: 0.6792949438095093,  Validation Acc:0.8762, 
DEBUG:root:Final Mean AUC: 0.013604
DEBUG:root:Iteration: 7301, Training Loss: 0.4822169244289398,  Validation Acc:0.8941, 
DEBUG:root:Final Mean AUC: 0.012745
DEBUG:root:Iteration: 7401, Training Loss: 0.10600391030311584,  Validation Acc:0.9185, *
DEBUG:root:Final Mean AUC: 0.014454
DEBUG:root:Iteration: 7501, Training Loss: 0.16782629489898682,  Validation Acc:0.8977, 
DEBUG:root:Final Mean AUC: 0.013869
DEBUG:root:Iteration: 7601, Training Loss: 0.5077494978904724,  Validation Acc:0.9119, 
DEBUG:root:Final Mean AUC: 0.012974
DEBUG:root:Iteration: 7701, Training Loss: 0.6311861276626587,  Validation Acc:0.8834, 
DEBUG:root:Final Mean AUC: 0.012846
DEBUG:root:Iteration: 7801, Training Loss: 0.439483106136322,  Validation Acc:0.9003, 
DEBUG:root:Final Mean AUC: 0.012133
DEBUG:root:Iteration: 7901, Training Loss: 0.09942951053380966,  Validation Acc:0.92, *
DEBUG:root:Final Mean AUC: 0.013506
DEBUG:root:Iteration: 8001, Training Loss: 0.15447106957435608,  Validation Acc:0.9079, 
DEBUG:root:Final Mean AUC: 0.013367
DEBUG:root:Iteration: 8101, Training Loss: 0.5020357966423035,  Validation Acc:0.9158, 
DEBUG:root:Final Mean AUC: 0.012337
DEBUG:root:Iteration: 8201, Training Loss: 0.5730783343315125,  Validation Acc:0.8912, 
DEBUG:root:Final Mean AUC: 0.011927
DEBUG:root:Iteration: 8301, Training Loss: 0.3982316553592682,  Validation Acc:0.9054, 
DEBUG:root:Final Mean AUC: 0.011250
DEBUG:root:Iteration: 8401, Training Loss: 0.09011931717395782,  Validation Acc:0.9246, *
DEBUG:root:Final Mean AUC: 0.012740
DEBUG:root:Iteration: 8501, Training Loss: 0.14107777178287506,  Validation Acc:0.9128, 
DEBUG:root:Final Mean AUC: 0.012290
DEBUG:root:Iteration: 8601, Training Loss: 0.47630074620246887,  Validation Acc:0.9188, 
DEBUG:root:Final Mean AUC: 0.011453
DEBUG:root:Iteration: 8701, Training Loss: 0.5260134935379028,  Validation Acc:0.8952, 
DEBUG:root:Final Mean AUC: 0.011369
DEBUG:root:Iteration: 8801, Training Loss: 0.3610331416130066,  Validation Acc:0.91, 
DEBUG:root:Final Mean AUC: 0.010383
DEBUG:root:Iteration: 8901, Training Loss: 0.07902753353118896,  Validation Acc:0.9284, *
DEBUG:root:Final Mean AUC: 0.011651
DEBUG:root:Iteration: 9001, Training Loss: 0.13682948052883148,  Validation Acc:0.9164, 
DEBUG:root:Final Mean AUC: 0.011514
DEBUG:root:Iteration: 9101, Training Loss: 0.44816145300865173,  Validation Acc:0.9219, 
DEBUG:root:Final Mean AUC: 0.010811
DEBUG:root:Iteration: 9201, Training Loss: 0.48359236121177673,  Validation Acc:0.9009, 
DEBUG:root:Final Mean AUC: 0.010678
DEBUG:root:Iteration: 9301, Training Loss: 0.333248108625412,  Validation Acc:0.9147, 
DEBUG:root:Final Mean AUC: 0.009446
DEBUG:root:Iteration: 9401, Training Loss: 0.0711570531129837,  Validation Acc:0.9304, *
DEBUG:root:Final Mean AUC: 0.010986
DEBUG:root:Iteration: 9501, Training Loss: 0.13201652467250824,  Validation Acc:0.9201, 
DEBUG:root:Final Mean AUC: 0.010676
DEBUG:root:Iteration: 9601, Training Loss: 0.42892104387283325,  Validation Acc:0.9236, 
DEBUG:root:Final Mean AUC: 0.010106
DEBUG:root:Iteration: 9701, Training Loss: 0.43838414549827576,  Validation Acc:0.9031, 
DEBUG:root:Final Mean AUC: 0.009987
DEBUG:root:Iteration: 9801, Training Loss: 0.3069419860839844,  Validation Acc:0.9185, 
DEBUG:root:Final Mean AUC: 0.008941
DEBUG:root:Iteration: 9901, Training Loss: 0.06545921415090561,  Validation Acc:0.9329, *
DEBUG:root:Final Mean AUC: 0.009892
DEBUG:root:Iteration: 10001, Training Loss: 0.1269776076078415,  Validation Acc:0.9228, 
DEBUG:root:Final Mean AUC: 0.009753
DEBUG:root:Iteration: 10101, Training Loss: 0.4187835454940796,  Validation Acc:0.9258, 
DEBUG:root:Final Mean AUC: 0.009563
DEBUG:root:Iteration: 10201, Training Loss: 0.40315237641334534,  Validation Acc:0.9096, 
DEBUG:root:Final Mean AUC: 0.008993
DEBUG:root:Iteration: 10301, Training Loss: 0.27959585189819336,  Validation Acc:0.9227, 
DEBUG:root:Final Mean AUC: 0.008292
DEBUG:root:Iteration: 10401, Training Loss: 0.05773916840553284,  Validation Acc:0.9363, *
DEBUG:root:Final Mean AUC: 0.009597
DEBUG:root:Iteration: 10501, Training Loss: 0.11042645573616028,  Validation Acc:0.9266, 
DEBUG:root:Final Mean AUC: 0.009173
DEBUG:root:Iteration: 10601, Training Loss: 0.40515393018722534,  Validation Acc:0.9285, 
DEBUG:root:Final Mean AUC: 0.009044
DEBUG:root:Iteration: 10701, Training Loss: 0.35612189769744873,  Validation Acc:0.9124, 
DEBUG:root:Final Mean AUC: 0.008128
DEBUG:root:Iteration: 10801, Training Loss: 0.25336945056915283,  Validation Acc:0.9264, 
DEBUG:root:Final Mean AUC: 0.007754
DEBUG:root:Iteration: 10901, Training Loss: 0.05049855262041092,  Validation Acc:0.9392, *
DEBUG:root:Final Mean AUC: 0.009010
DEBUG:root:Iteration: 11001, Training Loss: 0.1012912392616272,  Validation Acc:0.9303, 
DEBUG:root:Final Mean AUC: 0.008561
DEBUG:root:Iteration: 11101, Training Loss: 0.3865301311016083,  Validation Acc:0.9297, 
DEBUG:root:Final Mean AUC: 0.008248
DEBUG:root:Iteration: 11201, Training Loss: 0.3200530409812927,  Validation Acc:0.9166, 
DEBUG:root:Final Mean AUC: 0.007541
DEBUG:root:Iteration: 11301, Training Loss: 0.2256220132112503,  Validation Acc:0.9289, 
DEBUG:root:Final Mean AUC: 0.007046
DEBUG:root:Iteration: 11401, Training Loss: 0.04553259164094925,  Validation Acc:0.9411, *
DEBUG:root:Final Mean AUC: 0.008443
DEBUG:root:Iteration: 11501, Training Loss: 0.08769822120666504,  Validation Acc:0.933, 
DEBUG:root:Final Mean AUC: 0.008138
DEBUG:root:Iteration: 11601, Training Loss: 0.35600748658180237,  Validation Acc:0.9308, 
DEBUG:root:Final Mean AUC: 0.007508
DEBUG:root:Iteration: 11701, Training Loss: 0.2841684818267822,  Validation Acc:0.9212, 
DEBUG:root:Final Mean AUC: 0.006788
DEBUG:root:Iteration: 11801, Training Loss: 0.2024402767419815,  Validation Acc:0.9318, 
DEBUG:root:Final Mean AUC: 0.006596
DEBUG:root:Iteration: 11901, Training Loss: 0.04010365530848503,  Validation Acc:0.942, *
DEBUG:root:Final Mean AUC: 0.007460
DEBUG:root:Iteration: 12001, Training Loss: 0.0792640745639801,  Validation Acc:0.9365, 
DEBUG:root:Final Mean AUC: 0.007697
DEBUG:root:Iteration: 12101, Training Loss: 0.34104594588279724,  Validation Acc:0.9314, 
DEBUG:root:Final Mean AUC: 0.006809
DEBUG:root:Iteration: 12201, Training Loss: 0.2549568712711334,  Validation Acc:0.9248, 
DEBUG:root:Final Mean AUC: 0.006291
DEBUG:root:Iteration: 12301, Training Loss: 0.18410435318946838,  Validation Acc:0.9354, 
DEBUG:root:Final Mean AUC: 0.006267
DEBUG:root:Iteration: 12401, Training Loss: 0.0367637537419796,  Validation Acc:0.9439, *
DEBUG:root:Final Mean AUC: 0.006950
DEBUG:root:Iteration: 12501, Training Loss: 0.07049229741096497,  Validation Acc:0.9395, 
DEBUG:root:Final Mean AUC: 0.007054
DEBUG:root:Iteration: 12601, Training Loss: 0.32913681864738464,  Validation Acc:0.9325, 
DEBUG:root:Final Mean AUC: 0.006468
DEBUG:root:Iteration: 12701, Training Loss: 0.2276581972837448,  Validation Acc:0.9283, 
DEBUG:root:Final Mean AUC: 0.005756
DEBUG:root:Iteration: 12801, Training Loss: 0.16531257331371307,  Validation Acc:0.9385, 
DEBUG:root:Final Mean AUC: 0.005935
DEBUG:root:Iteration: 12901, Training Loss: 0.033298470079898834,  Validation Acc:0.9457, *
DEBUG:root:Final Mean AUC: 0.006496
DEBUG:root:Iteration: 13001, Training Loss: 0.061378613114356995,  Validation Acc:0.9427, 
DEBUG:root:Final Mean AUC: 0.006505
DEBUG:root:Iteration: 13101, Training Loss: 0.3116225600242615,  Validation Acc:0.933, 
DEBUG:root:Final Mean AUC: 0.005944
DEBUG:root:Iteration: 13201, Training Loss: 0.20191538333892822,  Validation Acc:0.9304, 
DEBUG:root:Final Mean AUC: 0.005598
DEBUG:root:Iteration: 13301, Training Loss: 0.14358249306678772,  Validation Acc:0.9403, 
DEBUG:root:Final Mean AUC: 0.005635
DEBUG:root:Iteration: 13401, Training Loss: 0.030312884598970413,  Validation Acc:0.9469, *
DEBUG:root:Final Mean AUC: 0.005876
DEBUG:root:Iteration: 13501, Training Loss: 0.054057031869888306,  Validation Acc:0.9443, 
DEBUG:root:Final Mean AUC: 0.006008
DEBUG:root:Iteration: 13601, Training Loss: 0.29110074043273926,  Validation Acc:0.9352, 
DEBUG:root:Final Mean AUC: 0.005446
DEBUG:root:Iteration: 13701, Training Loss: 0.17915129661560059,  Validation Acc:0.9332, 
DEBUG:root:Final Mean AUC: 0.005070
DEBUG:root:Iteration: 13801, Training Loss: 0.12319635599851608,  Validation Acc:0.9425, 
DEBUG:root:Final Mean AUC: 0.005261
DEBUG:root:Iteration: 13901, Training Loss: 0.027111396193504333,  Validation Acc:0.95, *
DEBUG:root:Final Mean AUC: 0.005371
DEBUG:root:Iteration: 14001, Training Loss: 0.0524941124022007,  Validation Acc:0.9456, 
DEBUG:root:Final Mean AUC: 0.005639
DEBUG:root:Iteration: 14101, Training Loss: 0.2682097256183624,  Validation Acc:0.9372, 
DEBUG:root:Final Mean AUC: 0.005267
DEBUG:root:Iteration: 14201, Training Loss: 0.16025349497795105,  Validation Acc:0.9358, 
DEBUG:root:Final Mean AUC: 0.004663
DEBUG:root:Iteration: 14301, Training Loss: 0.10918658971786499,  Validation Acc:0.9434, 
DEBUG:root:Final Mean AUC: 0.004789
DEBUG:root:Iteration: 14401, Training Loss: 0.02382752113044262,  Validation Acc:0.9507, *
DEBUG:root:Final Mean AUC: 0.004759
DEBUG:root:Iteration: 14501, Training Loss: 0.04621348902583122,  Validation Acc:0.9472, 
DEBUG:root:Final Mean AUC: 0.005283
DEBUG:root:Iteration: 14601, Training Loss: 0.2486412674188614,  Validation Acc:0.9383, 
DEBUG:root:Final Mean AUC: 0.004924
DEBUG:root:Iteration: 14701, Training Loss: 0.1418086290359497,  Validation Acc:0.9384, 
DEBUG:root:Final Mean AUC: 0.004274
DEBUG:root:Iteration: 14801, Training Loss: 0.09849787503480911,  Validation Acc:0.9455, 
DEBUG:root:Final Mean AUC: 0.004465
DEBUG:root:Iteration: 14901, Training Loss: 0.02135644666850567,  Validation Acc:0.9524, *
DEBUG:root:Final Mean AUC: 0.004393
DEBUG:root:Iteration: 15001, Training Loss: 0.03979586809873581,  Validation Acc:0.9478, 
DEBUG:root:Final Mean AUC: 0.004905
DEBUG:root:Iteration: 15101, Training Loss: 0.2322351485490799,  Validation Acc:0.9396, 
DEBUG:root:Final Mean AUC: 0.004752
DEBUG:root:Iteration: 15201, Training Loss: 0.12506097555160522,  Validation Acc:0.9408, 
DEBUG:root:Final Mean AUC: 0.003719
DEBUG:root:Iteration: 15301, Training Loss: 0.08653046935796738,  Validation Acc:0.947, 
DEBUG:root:Final Mean AUC: 0.004190
DEBUG:root:Iteration: 15401, Training Loss: 0.019769979640841484,  Validation Acc:0.955, *
DEBUG:root:Final Mean AUC: 0.004231
DEBUG:root:Iteration: 15501, Training Loss: 0.03216169402003288,  Validation Acc:0.9503, 
DEBUG:root:Final Mean AUC: 0.004401
DEBUG:root:Iteration: 15601, Training Loss: 0.21589992940425873,  Validation Acc:0.9409, 
DEBUG:root:Final Mean AUC: 0.004466
DEBUG:root:Iteration: 15701, Training Loss: 0.11070265620946884,  Validation Acc:0.9429, 
DEBUG:root:Final Mean AUC: 0.003413
DEBUG:root:Iteration: 15801, Training Loss: 0.07485219091176987,  Validation Acc:0.9478, 
DEBUG:root:Final Mean AUC: 0.003944
DEBUG:root:Iteration: 15901, Training Loss: 0.018541648983955383,  Validation Acc:0.9556, *
DEBUG:root:Final Mean AUC: 0.003895
DEBUG:root:Iteration: 16001, Training Loss: 0.026843857020139694,  Validation Acc:0.951, 
DEBUG:root:Final Mean AUC: 0.004167
DEBUG:root:Iteration: 16101, Training Loss: 0.20440225303173065,  Validation Acc:0.9418, 
DEBUG:root:Final Mean AUC: 0.004062
DEBUG:root:Iteration: 16201, Training Loss: 0.09760154038667679,  Validation Acc:0.9452, 
DEBUG:root:Final Mean AUC: 0.003171
DEBUG:root:Iteration: 16301, Training Loss: 0.06312762200832367,  Validation Acc:0.9496, 
DEBUG:root:Final Mean AUC: 0.003677
DEBUG:root:Iteration: 16401, Training Loss: 0.01634521782398224,  Validation Acc:0.9568, *
DEBUG:root:Final Mean AUC: 0.003401
DEBUG:root:Iteration: 16501, Training Loss: 0.020694997161626816,  Validation Acc:0.9517, 
DEBUG:root:Final Mean AUC: 0.003759
DEBUG:root:Iteration: 16601, Training Loss: 0.1905268132686615,  Validation Acc:0.9431, 
DEBUG:root:Final Mean AUC: 0.003611
DEBUG:root:Iteration: 16701, Training Loss: 0.08478526026010513,  Validation Acc:0.9471, 
DEBUG:root:Final Mean AUC: 0.003112
DEBUG:root:Iteration: 16801, Training Loss: 0.05250035971403122,  Validation Acc:0.9514, 
DEBUG:root:Final Mean AUC: 0.003589
DEBUG:root:Iteration: 16901, Training Loss: 0.014540192671120167,  Validation Acc:0.9575, *
DEBUG:root:Final Mean AUC: 0.003001
DEBUG:root:Iteration: 17001, Training Loss: 0.014365412294864655,  Validation Acc:0.9527, 
DEBUG:root:Final Mean AUC: 0.003426
DEBUG:root:Iteration: 17101, Training Loss: 0.17685960233211517,  Validation Acc:0.9447, 
DEBUG:root:Final Mean AUC: 0.003396
DEBUG:root:Iteration: 17201, Training Loss: 0.07295238971710205,  Validation Acc:0.9493, 
DEBUG:root:Final Mean AUC: 0.002836
DEBUG:root:Iteration: 17301, Training Loss: 0.0458415187895298,  Validation Acc:0.9523, 
DEBUG:root:Final Mean AUC: 0.003317
DEBUG:root:Iteration: 17401, Training Loss: 0.012772414833307266,  Validation Acc:0.9585, *
DEBUG:root:Final Mean AUC: 0.002737
DEBUG:root:Iteration: 17501, Training Loss: 0.01033858209848404,  Validation Acc:0.954, 
DEBUG:root:Final Mean AUC: 0.003156
DEBUG:root:Iteration: 17601, Training Loss: 0.16118837893009186,  Validation Acc:0.946, 
DEBUG:root:Final Mean AUC: 0.003135
DEBUG:root:Iteration: 17701, Training Loss: 0.0632665753364563,  Validation Acc:0.9509, 
DEBUG:root:Final Mean AUC: 0.002687
DEBUG:root:Iteration: 17801, Training Loss: 0.03805415332317352,  Validation Acc:0.9536, 
DEBUG:root:Final Mean AUC: 0.003128
DEBUG:root:Iteration: 17901, Training Loss: 0.010633723810315132,  Validation Acc:0.9593, *
DEBUG:root:Final Mean AUC: 0.002600
DEBUG:root:Iteration: 18001, Training Loss: 0.0065893447026610374,  Validation Acc:0.9557, 
DEBUG:root:Final Mean AUC: 0.002945
DEBUG:root:Iteration: 18101, Training Loss: 0.14791734516620636,  Validation Acc:0.947, 
DEBUG:root:Final Mean AUC: 0.002815
DEBUG:root:Iteration: 18201, Training Loss: 0.052473295480012894,  Validation Acc:0.953, 
DEBUG:root:Final Mean AUC: 0.002541
DEBUG:root:Iteration: 18301, Training Loss: 0.031483665108680725,  Validation Acc:0.9549, 
DEBUG:root:Final Mean AUC: 0.002812
DEBUG:root:Iteration: 18401, Training Loss: 0.008978297933936119,  Validation Acc:0.9599, *
DEBUG:root:Final Mean AUC: 0.002402
DEBUG:root:Iteration: 18501, Training Loss: 0.0051306793466210365,  Validation Acc:0.9567, 
DEBUG:root:Final Mean AUC: 0.002748
DEBUG:root:Iteration: 18601, Training Loss: 0.13389742374420166,  Validation Acc:0.9486, 
DEBUG:root:Final Mean AUC: 0.002680
DEBUG:root:Iteration: 18701, Training Loss: 0.04401417821645737,  Validation Acc:0.9537, 
DEBUG:root:Final Mean AUC: 0.002439
DEBUG:root:Iteration: 18801, Training Loss: 0.024530161172151566,  Validation Acc:0.9556, 
DEBUG:root:Final Mean AUC: 0.002532
DEBUG:root:Iteration: 18901, Training Loss: 0.007544891908764839,  Validation Acc:0.9606, *
DEBUG:root:Final Mean AUC: 0.002210
DEBUG:root:Iteration: 19001, Training Loss: 0.003772987751290202,  Validation Acc:0.9577, 
DEBUG:root:Final Mean AUC: 0.002623
DEBUG:root:Iteration: 19101, Training Loss: 0.12155584990978241,  Validation Acc:0.9504, 
DEBUG:root:Final Mean AUC: 0.002412
DEBUG:root:Iteration: 19201, Training Loss: 0.036050356924533844,  Validation Acc:0.9548, 
DEBUG:root:Final Mean AUC: 0.002224
DEBUG:root:Iteration: 19301, Training Loss: 0.018778381869196892,  Validation Acc:0.9571, 
DEBUG:root:Final Mean AUC: 0.002337
DEBUG:root:Iteration: 19401, Training Loss: 0.005962549243122339,  Validation Acc:0.961, *
DEBUG:root:Final Mean AUC: 0.002108
DEBUG:root:Iteration: 19501, Training Loss: 0.0026210080832242966,  Validation Acc:0.9598, 
DEBUG:root:Final Mean AUC: 0.002400
DEBUG:root:Iteration: 19601, Training Loss: 0.11010539531707764,  Validation Acc:0.951, 
DEBUG:root:Final Mean AUC: 0.002301
DEBUG:root:Iteration: 19701, Training Loss: 0.02857188507914543,  Validation Acc:0.956, 
DEBUG:root:Final Mean AUC: 0.001988
DEBUG:root:Iteration: 19801, Training Loss: 0.014282122254371643,  Validation Acc:0.958, 
DEBUG:root:Final Mean AUC: 0.002141
DEBUG:root:Iteration: 19901, Training Loss: 0.004745664075016975,  Validation Acc:0.9618, *
DEBUG:root:Final Mean AUC: 0.001990
DEBUG:root:Iteration: 20001, Training Loss: 0.0017361075151711702,  Validation Acc:0.9603, 
DEBUG:root:Final Mean AUC: 0.002284
DEBUG:root:Iteration: 20101, Training Loss: 0.09632876515388489,  Validation Acc:0.9522, 
DEBUG:root:Final Mean AUC: 0.002097
DEBUG:root:Iteration: 20201, Training Loss: 0.02364073321223259,  Validation Acc:0.9572, 
DEBUG:root:Final Mean AUC: 0.001819
DEBUG:root:Iteration: 20301, Training Loss: 0.010851608589291573,  Validation Acc:0.9592, 
DEBUG:root:Final Mean AUC: 0.002014
DEBUG:root:Iteration: 20401, Training Loss: 0.0037953034043312073,  Validation Acc:0.9619, *
DEBUG:root:Final Mean AUC: 0.001845
DEBUG:root:Iteration: 20501, Training Loss: 0.0012760913232341409,  Validation Acc:0.9604, 
DEBUG:root:Final Mean AUC: 0.002129
DEBUG:root:Iteration: 20601, Training Loss: 0.08459077775478363,  Validation Acc:0.9534, 
DEBUG:root:Final Mean AUC: 0.001893
DEBUG:root:Iteration: 20701, Training Loss: 0.01873037777841091,  Validation Acc:0.958, 
DEBUG:root:Final Mean AUC: 0.001674
DEBUG:root:Iteration: 20801, Training Loss: 0.008390955626964569,  Validation Acc:0.9597, 
DEBUG:root:Final Mean AUC: 0.001960
DEBUG:root:Iteration: 20901, Training Loss: 0.0030888619367033243,  Validation Acc:0.9629, *
DEBUG:root:Final Mean AUC: 0.001718
DEBUG:root:Iteration: 21001, Training Loss: 0.0009426766773685813,  Validation Acc:0.9613, 
DEBUG:root:Final Mean AUC: 0.001919
DEBUG:root:Iteration: 21101, Training Loss: 0.07266272604465485,  Validation Acc:0.9543, 
DEBUG:root:Final Mean AUC: 0.001749
DEBUG:root:Iteration: 21201, Training Loss: 0.014664622955024242,  Validation Acc:0.9591, 
DEBUG:root:Final Mean AUC: 0.001597
DEBUG:root:Iteration: 21301, Training Loss: 0.006654337048530579,  Validation Acc:0.9609, 
DEBUG:root:Final Mean AUC: 0.001892
DEBUG:root:Iteration: 21401, Training Loss: 0.0023944831918925047,  Validation Acc:0.9637, *
DEBUG:root:Final Mean AUC: 0.001532
DEBUG:root:Iteration: 21501, Training Loss: 0.0007300368160940707,  Validation Acc:0.9619, 
DEBUG:root:Final Mean AUC: 0.001919
DEBUG:root:Iteration: 21601, Training Loss: 0.062345199286937714,  Validation Acc:0.9559, 
DEBUG:root:Final Mean AUC: 0.001629
DEBUG:root:Iteration: 21701, Training Loss: 0.01150180958211422,  Validation Acc:0.9607, 
DEBUG:root:Final Mean AUC: 0.001625
DEBUG:root:Iteration: 21801, Training Loss: 0.005136262159794569,  Validation Acc:0.9609, 
DEBUG:root:Final Mean AUC: 0.001685
DEBUG:root:Iteration: 21901, Training Loss: 0.0018943569157272577,  Validation Acc:0.9641, *
DEBUG:root:Final Mean AUC: 0.001444
DEBUG:root:Iteration: 22001, Training Loss: 0.0005359425558708608,  Validation Acc:0.962, 
DEBUG:root:Final Mean AUC: 0.001817
DEBUG:root:Iteration: 22101, Training Loss: 0.05371294915676117,  Validation Acc:0.9568, 
DEBUG:root:Final Mean AUC: 0.001608
DEBUG:root:Iteration: 22201, Training Loss: 0.009339923039078712,  Validation Acc:0.9614, 
DEBUG:root:Final Mean AUC: 0.001525
DEBUG:root:Iteration: 22301, Training Loss: 0.004045397043228149,  Validation Acc:0.9618, 
DEBUG:root:Final Mean AUC: 0.001643
DEBUG:root:Iteration: 22401, Training Loss: 0.0016011138213798404,  Validation Acc:0.9649, *
DEBUG:root:Final Mean AUC: 0.001464
DEBUG:root:Iteration: 22501, Training Loss: 0.0004333406104706228,  Validation Acc:0.9634, 
DEBUG:root:Final Mean AUC: 0.001532
DEBUG:root:Iteration: 22601, Training Loss: 0.044940631836652756,  Validation Acc:0.9573, 
DEBUG:root:Final Mean AUC: 0.001357
DEBUG:root:Iteration: 22701, Training Loss: 0.007429168093949556,  Validation Acc:0.962, 
DEBUG:root:Final Mean AUC: 0.001463
DEBUG:root:Iteration: 22801, Training Loss: 0.0025556229520589113,  Validation Acc:0.9623, 
DEBUG:root:Final Mean AUC: 0.001437
DEBUG:root:Iteration: 22901, Training Loss: 0.0013651017798110843,  Validation Acc:0.9657, *
DEBUG:root:Final Mean AUC: 0.001371
DEBUG:root:Iteration: 23001, Training Loss: 0.0003213054733350873,  Validation Acc:0.9629, 
DEBUG:root:Final Mean AUC: 0.001463
DEBUG:root:Iteration: 23101, Training Loss: 0.03572112321853638,  Validation Acc:0.9584, 
DEBUG:root:Final Mean AUC: 0.001317
DEBUG:root:Iteration: 23201, Training Loss: 0.005756589584052563,  Validation Acc:0.9624, 
DEBUG:root:Final Mean AUC: 0.001431
DEBUG:root:Iteration: 23301, Training Loss: 0.0018185727531090379,  Validation Acc:0.9635, 
DEBUG:root:Final Mean AUC: 0.001481
DEBUG:root:Iteration: 23401, Training Loss: 0.001057814690284431,  Validation Acc:0.966, *
DEBUG:root:Final Mean AUC: 0.001278
DEBUG:root:Iteration: 23501, Training Loss: 0.0002335892932023853,  Validation Acc:0.9642, 
DEBUG:root:Final Mean AUC: 0.001353
DEBUG:root:Iteration: 23601, Training Loss: 0.02774541825056076,  Validation Acc:0.9594, 
DEBUG:root:Final Mean AUC: 0.001283
DEBUG:root:Iteration: 23701, Training Loss: 0.0045682089403271675,  Validation Acc:0.9622, 
DEBUG:root:Final Mean AUC: 0.001309
DEBUG:root:Iteration: 23801, Training Loss: 0.0014246535720303655,  Validation Acc:0.9645, 
DEBUG:root:Final Mean AUC: 0.001319
DEBUG:root:Iteration: 23901, Training Loss: 0.0008190802182070911,  Validation Acc:0.9667, *
DEBUG:root:Final Mean AUC: 0.001268
DEBUG:root:Iteration: 24001, Training Loss: 0.0001801156613510102,  Validation Acc:0.9646, 
DEBUG:root:Final Mean AUC: 0.001343
DEBUG:root:Iteration: 24101, Training Loss: 0.02088005840778351,  Validation Acc:0.9609, 
DEBUG:root:Final Mean AUC: 0.001165
DEBUG:root:Iteration: 24201, Training Loss: 0.0034745177254080772,  Validation Acc:0.9632, 
DEBUG:root:Final Mean AUC: 0.001329
DEBUG:root:Iteration: 24301, Training Loss: 0.0011764229275286198,  Validation Acc:0.9649, 
DEBUG:root:Final Mean AUC: 0.001189
DEBUG:root:Iteration: 24401, Training Loss: 0.0006138922180980444,  Validation Acc:0.9674, *
DEBUG:root:Final Mean AUC: 0.001123
DEBUG:root:Iteration: 24501, Training Loss: 0.00014330890553537756,  Validation Acc:0.9661, 
DEBUG:root:Final Mean AUC: 0.001200
DEBUG:root:Iteration: 24601, Training Loss: 0.014997342601418495,  Validation Acc:0.9609, 
DEBUG:root:Final Mean AUC: 0.000965
DEBUG:root:Iteration: 24701, Training Loss: 0.0024819367099553347,  Validation Acc:0.9635, 
DEBUG:root:Final Mean AUC: 0.001157
DEBUG:root:Iteration: 24801, Training Loss: 0.0008785710670053959,  Validation Acc:0.9659, 
DEBUG:root:Final Mean AUC: 0.001128
DEBUG:root:Iteration: 24901, Training Loss: 0.0004523879906628281,  Validation Acc:0.9679, *
DEBUG:root:Final Mean AUC: 0.001141
DEBUG:root:Iteration: 25001, Training Loss: 0.00011374313908163458,  Validation Acc:0.9674, 
DEBUG:root:Final Mean AUC: 0.001171
DEBUG:root:Iteration: 25101, Training Loss: 0.011640145443379879,  Validation Acc:0.962, 
DEBUG:root:Final Mean AUC: 0.000886
DEBUG:root:Iteration: 25201, Training Loss: 0.001751442439854145,  Validation Acc:0.964, 
DEBUG:root:Final Mean AUC: 0.001165
DEBUG:root:Iteration: 25301, Training Loss: 0.0007550648879259825,  Validation Acc:0.9664, 
DEBUG:root:Final Mean AUC: 0.000987
DEBUG:root:Iteration: 25401, Training Loss: 0.0003535539435688406,  Validation Acc:0.9681, *
DEBUG:root:Final Mean AUC: 0.001081
DEBUG:root:Iteration: 25501, Training Loss: 0.00010096906044054776,  Validation Acc:0.9682, *
DEBUG:root:Final Mean AUC: 0.001233
DEBUG:root:Iteration: 25601, Training Loss: 0.008325309492647648,  Validation Acc:0.9632, 
DEBUG:root:Final Mean AUC: 0.000798
DEBUG:root:Iteration: 25701, Training Loss: 0.001342153293080628,  Validation Acc:0.9651, 
DEBUG:root:Final Mean AUC: 0.001002
DEBUG:root:Iteration: 25801, Training Loss: 0.0005317015456967056,  Validation Acc:0.9669, 
DEBUG:root:Final Mean AUC: 0.000996
DEBUG:root:Iteration: 25901, Training Loss: 0.0002553159720264375,  Validation Acc:0.9679, 
DEBUG:root:Final Mean AUC: 0.001000
DEBUG:root:Iteration: 26001, Training Loss: 7.157652726164088e-05,  Validation Acc:0.9687, *
DEBUG:root:Final Mean AUC: 0.001096
DEBUG:root:Iteration: 26101, Training Loss: 0.0059227063320577145,  Validation Acc:0.9644, 
DEBUG:root:Final Mean AUC: 0.000807
DEBUG:root:Iteration: 26201, Training Loss: 0.0009364519501104951,  Validation Acc:0.9654, 
DEBUG:root:Final Mean AUC: 0.001021
DEBUG:root:Iteration: 26301, Training Loss: 0.0005558682605624199,  Validation Acc:0.9669, 
DEBUG:root:Final Mean AUC: 0.000864
DEBUG:root:Iteration: 26401, Training Loss: 0.0001898221962619573,  Validation Acc:0.9689, *
DEBUG:root:Final Mean AUC: 0.000917
DEBUG:root:Iteration: 26501, Training Loss: 6.85423583490774e-05,  Validation Acc:0.9699, *
DEBUG:root:Final Mean AUC: 0.001111
DEBUG:root:Iteration: 26601, Training Loss: 0.0036746435798704624,  Validation Acc:0.9641, 
DEBUG:root:Final Mean AUC: 0.000654
DEBUG:root:Iteration: 26701, Training Loss: 0.0009618101757951081,  Validation Acc:0.9657, 
DEBUG:root:Final Mean AUC: 0.000958
DEBUG:root:Iteration: 26801, Training Loss: 0.0038223841693252325,  Validation Acc:0.966, 
DEBUG:root:Final Mean AUC: 0.000857
DEBUG:root:Iteration: 26901, Training Loss: 0.00022491029812954366,  Validation Acc:0.9666, 
DEBUG:root:Final Mean AUC: 0.000831
DEBUG:root:Iteration: 27001, Training Loss: 0.0007899741176515818,  Validation Acc:0.9692, 
DEBUG:root:Final Mean AUC: 0.002231
DEBUG:root:Iteration: 27101, Training Loss: 0.17971567809581757,  Validation Acc:0.8459, 
DEBUG:root:Final Mean AUC: 0.001041
DEBUG:root:Iteration: 27201, Training Loss: 0.003101729555055499,  Validation Acc:0.9464, 
DEBUG:root:Final Mean AUC: 0.000776
DEBUG:root:Iteration: 27301, Training Loss: 0.09772700071334839,  Validation Acc:0.9586, 
DEBUG:root:Final Mean AUC: 0.001143
DEBUG:root:Iteration: 27401, Training Loss: 0.0007352836546488106,  Validation Acc:0.9618, 
DEBUG:root:Final Mean AUC: 0.000906
DEBUG:root:Iteration: 27501, Training Loss: 0.0012754058698192239,  Validation Acc:0.9671, 
DEBUG:root:Final Mean AUC: 0.001325
DEBUG:root:Iteration: 27601, Training Loss: 0.010723570361733437,  Validation Acc:0.9596, 
DEBUG:root:Final Mean AUC: 0.000879
DEBUG:root:Iteration: 27701, Training Loss: 0.00344130489975214,  Validation Acc:0.9657, 
DEBUG:root:Final Mean AUC: 0.000912
DEBUG:root:Iteration: 27801, Training Loss: 0.00025028642266988754,  Validation Acc:0.9685, 
DEBUG:root:Final Mean AUC: 0.000913
DEBUG:root:Iteration: 27901, Training Loss: 0.00013546526315622032,  Validation Acc:0.9685, 
DEBUG:root:Final Mean AUC: 0.000710
DEBUG:root:Iteration: 28001, Training Loss: 4.006611561635509e-05,  Validation Acc:0.9727, *
DEBUG:root:Final Mean AUC: 0.000804
DEBUG:root:Iteration: 28101, Training Loss: 0.0024536289274692535,  Validation Acc:0.9696, 
DEBUG:root:Final Mean AUC: 0.000727
DEBUG:root:Iteration: 28201, Training Loss: 0.001535466406494379,  Validation Acc:0.9686, 
DEBUG:root:Final Mean AUC: 0.000862
DEBUG:root:Iteration: 28301, Training Loss: 0.00016696174861863256,  Validation Acc:0.9714, 
DEBUG:root:Final Mean AUC: 0.000784
DEBUG:root:Iteration: 28401, Training Loss: 6.5947650000453e-05,  Validation Acc:0.9684, 
DEBUG:root:Final Mean AUC: 0.000616
DEBUG:root:Iteration: 28501, Training Loss: 1.927672201418318e-05,  Validation Acc:0.9728, *
DEBUG:root:Final Mean AUC: 0.000821
DEBUG:root:Iteration: 28601, Training Loss: 0.00148638931568712,  Validation Acc:0.9715, 
DEBUG:root:Final Mean AUC: 0.000530
DEBUG:root:Iteration: 28701, Training Loss: 0.0007714768289588392,  Validation Acc:0.9705, 
DEBUG:root:Final Mean AUC: 0.000793
DEBUG:root:Iteration: 28801, Training Loss: 0.0001246152096427977,  Validation Acc:0.9716, 
DEBUG:root:Final Mean AUC: 0.000645
DEBUG:root:Iteration: 28901, Training Loss: 5.0677128456300125e-05,  Validation Acc:0.9696, 
DEBUG:root:Final Mean AUC: 0.000483
DEBUG:root:Iteration: 29001, Training Loss: 1.7580839994479902e-05,  Validation Acc:0.973, *
DEBUG:root:Final Mean AUC: 0.000689
DEBUG:root:Iteration: 29101, Training Loss: 0.0011453251354396343,  Validation Acc:0.9728, 
DEBUG:root:Final Mean AUC: 0.000583
DEBUG:root:Iteration: 29201, Training Loss: 0.0005712168640457094,  Validation Acc:0.9705, 
DEBUG:root:Final Mean AUC: 0.000628
DEBUG:root:Iteration: 29301, Training Loss: 0.00013839371968060732,  Validation Acc:0.9727, 
DEBUG:root:Final Mean AUC: 0.000594
DEBUG:root:Iteration: 29401, Training Loss: 5.055145447840914e-05,  Validation Acc:0.9711, 
DEBUG:root:Final Mean AUC: 0.000461
DEBUG:root:Iteration: 29501, Training Loss: 2.5631319658714347e-05,  Validation Acc:0.9728, 
DEBUG:root:Final Mean AUC: 0.000691
DEBUG:root:Iteration: 29601, Training Loss: 0.0008211687672883272,  Validation Acc:0.9728, 
DEBUG:root:Final Mean AUC: 0.000583
DEBUG:root:Iteration: 29701, Training Loss: 0.0006189733394421637,  Validation Acc:0.9718, 
DEBUG:root:Final Mean AUC: 0.000523
DEBUG:root:Iteration: 29801, Training Loss: 0.0002080281701637432,  Validation Acc:0.9735, *
DEBUG:root:Final Mean AUC: 0.000575
DEBUG:root:Iteration: 29901, Training Loss: 5.522571882465854e-05,  Validation Acc:0.9722, 
DEBUG:root:Final Mean AUC: 0.000399
DEBUG:root:Iteration: 30001, Training Loss: 2.629512528073974e-05,  Validation Acc:0.9725, 
DEBUG:root:Final Mean AUC: 0.000579
DEBUG:root:Iteration: 30101, Training Loss: 0.0005304747610352933,  Validation Acc:0.9734, 
DEBUG:root:Final Mean AUC: 0.000502
DEBUG:root:Iteration: 30201, Training Loss: 0.0006557345623150468,  Validation Acc:0.9723, 
DEBUG:root:Final Mean AUC: 0.000419
DEBUG:root:Iteration: 30301, Training Loss: 0.00022515248565468937,  Validation Acc:0.9732, 
DEBUG:root:Final Mean AUC: 0.000564
DEBUG:root:Iteration: 30401, Training Loss: 5.525500819203444e-05,  Validation Acc:0.9735, 
DEBUG:root:Final Mean AUC: 0.000481
DEBUG:root:Iteration: 30501, Training Loss: 2.239831337647047e-05,  Validation Acc:0.9723, 
DEBUG:root:Final Mean AUC: 0.000487
DEBUG:root:Iteration: 30601, Training Loss: 0.0003510875394567847,  Validation Acc:0.974, *
DEBUG:root:Final Mean AUC: 0.000472
DEBUG:root:Iteration: 30701, Training Loss: 0.0005365923279896379,  Validation Acc:0.9732, 
DEBUG:root:Final Mean AUC: 0.000346
DEBUG:root:Iteration: 30801, Training Loss: 0.00020437661441974342,  Validation Acc:0.9736, 
DEBUG:root:Final Mean AUC: 0.000593
DEBUG:root:Iteration: 30901, Training Loss: 4.918689592159353e-05,  Validation Acc:0.9731, 
DEBUG:root:Final Mean AUC: 0.000430
DEBUG:root:Iteration: 31001, Training Loss: 1.898440132208634e-05,  Validation Acc:0.9731, 
DEBUG:root:Final Mean AUC: 0.000518
DEBUG:root:Iteration: 31101, Training Loss: 0.00029227527556940913,  Validation Acc:0.975, *
DEBUG:root:Final Mean AUC: 0.000503
DEBUG:root:Iteration: 31201, Training Loss: 0.0005504456348717213,  Validation Acc:0.9736, 
DEBUG:root:Final Mean AUC: 0.000468
DEBUG:root:Iteration: 31301, Training Loss: 0.00013551618030760437,  Validation Acc:0.9721, 
DEBUG:root:Final Mean AUC: 0.000593
DEBUG:root:Iteration: 31401, Training Loss: 6.152386049507186e-05,  Validation Acc:0.9729, 
DEBUG:root:Final Mean AUC: 0.000521
DEBUG:root:Iteration: 31501, Training Loss: 1.6543299352633767e-05,  Validation Acc:0.9724, 
DEBUG:root:Final Mean AUC: 0.000526
DEBUG:root:Iteration: 31601, Training Loss: 0.0004728270578198135,  Validation Acc:0.9741, 
DEBUG:root:Final Mean AUC: 0.000451
DEBUG:root:Iteration: 31701, Training Loss: 0.0004703334125224501,  Validation Acc:0.9725, 
DEBUG:root:Final Mean AUC: 0.000439
DEBUG:root:Iteration: 31801, Training Loss: 0.00014042237307876348,  Validation Acc:0.9728, 
DEBUG:root:Final Mean AUC: 0.000441
DEBUG:root:Iteration: 31901, Training Loss: 3.8714588299626485e-05,  Validation Acc:0.9727, 
DEBUG:root:Final Mean AUC: 0.000508
DEBUG:root:Iteration: 32001, Training Loss: 1.721739499771502e-05,  Validation Acc:0.9721, 
DEBUG:root:Final Mean AUC: 0.000517
DEBUG:root:Iteration: 32101, Training Loss: 0.0003270355809945613,  Validation Acc:0.9733, 
DEBUG:root:Final Mean AUC: 0.000443
DEBUG:root:Iteration: 32201, Training Loss: 0.00044180802069604397,  Validation Acc:0.9733, 
DEBUG:root:Final Mean AUC: 0.000490
DEBUG:root:Iteration: 32301, Training Loss: 8.636629354441538e-05,  Validation Acc:0.9729, 
DEBUG:root:Final Mean AUC: 0.000402
DEBUG:root:Iteration: 32401, Training Loss: 5.1992537919431925e-05,  Validation Acc:0.9727, 
DEBUG:root:Final Mean AUC: 0.000437
DEBUG:root:Iteration: 32501, Training Loss: 1.8000364434556104e-05,  Validation Acc:0.9732, 
DEBUG:root:Final Mean AUC: 0.000406
DEBUG:root:Iteration: 32601, Training Loss: 0.000243628048337996,  Validation Acc:0.974, 
DEBUG:root:Final Mean AUC: 0.000383
DEBUG:root:Iteration: 32701, Training Loss: 0.0005983192240819335,  Validation Acc:0.9726, 
DEBUG:root:Final Mean AUC: 0.000346
DEBUG:root:Iteration: 32801, Training Loss: 0.00012176466407254338,  Validation Acc:0.9742, 
DEBUG:root:Final Mean AUC: 0.000494
DEBUG:root:Iteration: 32901, Training Loss: 4.254382656654343e-05,  Validation Acc:0.972, 
DEBUG:root:Final Mean AUC: 0.000375
DEBUG:root:Iteration: 33001, Training Loss: 0.0002948248584289104,  Validation Acc:0.9742, 
DEBUG:root:Final Mean AUC: 0.001302
DEBUG:root:Iteration: 33101, Training Loss: 0.003323629265651107,  Validation Acc:0.936, 
DEBUG:root:Final Mean AUC: 0.000612
DEBUG:root:Iteration: 33201, Training Loss: 0.015373378060758114,  Validation Acc:0.9585, 
DEBUG:root:Final Mean AUC: 0.000580
DEBUG:root:Iteration: 33301, Training Loss: 0.041305381804704666,  Validation Acc:0.9588, 
DEBUG:root:Final Mean AUC: 0.000652
DEBUG:root:Iteration: 33401, Training Loss: 0.007917041890323162,  Validation Acc:0.9557, 
DEBUG:root:Final Mean AUC: 0.000976
DEBUG:root:Iteration: 33501, Training Loss: 0.023773543536663055,  Validation Acc:0.9587, 
DEBUG:root:Final Mean AUC: 0.000748
DEBUG:root:Iteration: 33601, Training Loss: 0.002580976812168956,  Validation Acc:0.9626, 
DEBUG:root:Final Mean AUC: 0.000690
DEBUG:root:Iteration: 33701, Training Loss: 0.01872658170759678,  Validation Acc:0.9675, 
DEBUG:root:Final Mean AUC: 0.000581
DEBUG:root:Iteration: 33801, Training Loss: 0.0002872937766369432,  Validation Acc:0.9696, 
DEBUG:root:Final Mean AUC: 0.000538
DEBUG:root:Iteration: 33901, Training Loss: 0.00016031958512030542,  Validation Acc:0.9705, 
DEBUG:root:Final Mean AUC: 0.000469
DEBUG:root:Iteration: 34001, Training Loss: 0.0001908175618154928,  Validation Acc:0.9722, 
DEBUG:root:Final Mean AUC: 0.000510
DEBUG:root:Iteration: 34101, Training Loss: 0.00021425621525850147,  Validation Acc:0.9735, 
DEBUG:root:Final Mean AUC: 0.000353
DEBUG:root:Iteration: 34201, Training Loss: 0.001513138646259904,  Validation Acc:0.974, 
DEBUG:root:Final Mean AUC: 0.000450
DEBUG:root:Iteration: 34301, Training Loss: 7.006274972809479e-05,  Validation Acc:0.9743, 
DEBUG:root:Final Mean AUC: 0.000507
DEBUG:root:Iteration: 34401, Training Loss: 5.8384230214869604e-05,  Validation Acc:0.9747, 
DEBUG:root:Final Mean AUC: 0.000285
DEBUG:root:Iteration: 34501, Training Loss: 3.3138108847197145e-05,  Validation Acc:0.9747, 
DEBUG:root:Final Mean AUC: 0.000347
DEBUG:root:Iteration: 34601, Training Loss: 6.947315705474466e-05,  Validation Acc:0.9758, *
DEBUG:root:Final Mean AUC: 0.000406
DEBUG:root:Iteration: 34701, Training Loss: 0.00016980835061986,  Validation Acc:0.9751, 
DEBUG:root:Final Mean AUC: 0.000317
DEBUG:root:Iteration: 34801, Training Loss: 3.162446591886692e-05,  Validation Acc:0.9754, 
DEBUG:root:Final Mean AUC: 0.000386
DEBUG:root:Iteration: 34901, Training Loss: 4.143281694268808e-05,  Validation Acc:0.9761, *
DEBUG:root:Final Mean AUC: 0.000286
DEBUG:root:Iteration: 35001, Training Loss: 9.068397957889829e-06,  Validation Acc:0.976, 
DEBUG:root:Final Mean AUC: 0.000235
DEBUG:root:Iteration: 35101, Training Loss: 6.192184082465246e-05,  Validation Acc:0.9761, 
DEBUG:root:Final Mean AUC: 0.000386
DEBUG:root:Iteration: 35201, Training Loss: 3.436045517446473e-05,  Validation Acc:0.976, 
DEBUG:root:Final Mean AUC: 0.000276
DEBUG:root:Iteration: 35301, Training Loss: 2.269964898005128e-05,  Validation Acc:0.9765, *
DEBUG:root:Final Mean AUC: 0.000295
DEBUG:root:Iteration: 35401, Training Loss: 3.779192047659308e-05,  Validation Acc:0.9767, *
DEBUG:root:Final Mean AUC: 0.000286
DEBUG:root:Iteration: 35501, Training Loss: 1.034723663906334e-05,  Validation Acc:0.9762, 
DEBUG:root:Final Mean AUC: 0.000255
DEBUG:root:Iteration: 35601, Training Loss: 5.5674325267318636e-05,  Validation Acc:0.9766, 
DEBUG:root:Final Mean AUC: 0.000315
DEBUG:root:Iteration: 35701, Training Loss: 2.4027838662732393e-05,  Validation Acc:0.9766, 
DEBUG:root:Final Mean AUC: 0.000265
DEBUG:root:Iteration: 35801, Training Loss: 1.9250517652835697e-05,  Validation Acc:0.9766, 
DEBUG:root:Final Mean AUC: 0.000295
DEBUG:root:Iteration: 35901, Training Loss: 2.869252784876153e-05,  Validation Acc:0.9769, *
DEBUG:root:Final Mean AUC: 0.000265
DEBUG:root:Iteration: 36001, Training Loss: 8.828731552057434e-06,  Validation Acc:0.9764, 
DEBUG:root:Final Mean AUC: 0.000275
DEBUG:root:Iteration: 36101, Training Loss: 5.096492532175034e-05,  Validation Acc:0.9769, 
DEBUG:root:Final Mean AUC: 0.000304
DEBUG:root:Iteration: 36201, Training Loss: 2.2908750906935893e-05,  Validation Acc:0.9767, 
DEBUG:root:Final Mean AUC: 0.000286
DEBUG:root:Iteration: 36301, Training Loss: 1.729545692796819e-05,  Validation Acc:0.9765, 
DEBUG:root:Final Mean AUC: 0.000294
DEBUG:root:Iteration: 36401, Training Loss: 2.3502047042711638e-05,  Validation Acc:0.9767, 
DEBUG:root:Final Mean AUC: 0.000265
DEBUG:root:Iteration: 36501, Training Loss: 7.967816600285005e-06,  Validation Acc:0.9763, 
DEBUG:root:Final Mean AUC: 0.000244
DEBUG:root:Iteration: 36601, Training Loss: 4.7314006224041805e-05,  Validation Acc:0.9768, 
DEBUG:root:Final Mean AUC: 0.000294
DEBUG:root:Iteration: 36701, Training Loss: 2.2560425350093283e-05,  Validation Acc:0.9763, 
DEBUG:root:Final Mean AUC: 0.000296
DEBUG:root:Iteration: 36801, Training Loss: 1.5825964510440826e-05,  Validation Acc:0.9767, 
DEBUG:root:Final Mean AUC: 0.000284
DEBUG:root:Iteration: 36901, Training Loss: 1.9929893824155442e-05,  Validation Acc:0.9766, 
DEBUG:root:Final Mean AUC: 0.000265
DEBUG:root:Iteration: 37001, Training Loss: 7.193811143224593e-06,  Validation Acc:0.9762, 
DEBUG:root:Final Mean AUC: 0.000264
DEBUG:root:Iteration: 37101, Training Loss: 4.520783477346413e-05,  Validation Acc:0.9768, 
DEBUG:root:Final Mean AUC: 0.000284
DEBUG:root:Iteration: 37201, Training Loss: 2.2704474758938886e-05,  Validation Acc:0.976, 
DEBUG:root:Final Mean AUC: 0.000305
DEBUG:root:Iteration: 37301, Training Loss: 1.4504073988064192e-05,  Validation Acc:0.9765, 
DEBUG:root:Final Mean AUC: 0.000323
DEBUG:root:Iteration: 37401, Training Loss: 1.7277079678024165e-05,  Validation Acc:0.9766, 
DEBUG:root:Final Mean AUC: 0.000326
DEBUG:root:Iteration: 37501, Training Loss: 6.475771442637779e-06,  Validation Acc:0.976, 
DEBUG:root:Final Mean AUC: 0.000273
DEBUG:root:Iteration: 37601, Training Loss: 4.373086630948819e-05,  Validation Acc:0.9765, 
DEBUG:root:Final Mean AUC: 0.000272
DEBUG:root:Iteration: 37701, Training Loss: 2.3041360691422597e-05,  Validation Acc:0.9763, 
DEBUG:root:Final Mean AUC: 0.000284
DEBUG:root:Iteration: 37801, Training Loss: 1.3602219041786157e-05,  Validation Acc:0.9764, 
DEBUG:root:Final Mean AUC: 0.000343
DEBUG:root:Iteration: 37901, Training Loss: 1.5201758287730627e-05,  Validation Acc:0.9767, 
DEBUG:root:Final Mean AUC: 0.000305
DEBUG:root:Iteration: 38001, Training Loss: 5.9179960771871265e-06,  Validation Acc:0.976, 
DEBUG:root:Final Mean AUC: 0.000283
DEBUG:root:Iteration: 38101, Training Loss: 4.3234165786998346e-05,  Validation Acc:0.9767, 
DEBUG:root:Final Mean AUC: 0.000262
DEBUG:root:Iteration: 38201, Training Loss: 2.321957981621381e-05,  Validation Acc:0.9762, 
DEBUG:root:Final Mean AUC: 0.000335
DEBUG:root:Iteration: 38301, Training Loss: 1.2899836292490363e-05,  Validation Acc:0.976, 
DEBUG:root:Final Mean AUC: 0.000342
DEBUG:root:Iteration: 38401, Training Loss: 1.3893613868276589e-05,  Validation Acc:0.9769, 
DEBUG:root:Final Mean AUC: 0.000294
DEBUG:root:Iteration: 38501, Training Loss: 5.4102738431538455e-06,  Validation Acc:0.9754, 
DEBUG:root:Final Mean AUC: 0.000293
DEBUG:root:Iteration: 38601, Training Loss: 4.204634024063125e-05,  Validation Acc:0.9767, 
DEBUG:root:Final Mean AUC: 0.000282
DEBUG:root:Iteration: 38701, Training Loss: 2.347416739212349e-05,  Validation Acc:0.976, 
DEBUG:root:Final Mean AUC: 0.000335
DEBUG:root:Iteration: 38801, Training Loss: 1.2180159501440357e-05,  Validation Acc:0.9766, 
DEBUG:root:Final Mean AUC: 0.000352
DEBUG:root:Iteration: 38901, Training Loss: 1.2434654308890458e-05,  Validation Acc:0.9767, 
DEBUG:root:Final Mean AUC: 0.000304
DEBUG:root:Iteration: 39001, Training Loss: 4.804799573321361e-06,  Validation Acc:0.9754, 
DEBUG:root:Final Mean AUC: 0.000313
DEBUG:root:Iteration: 39101, Training Loss: 4.102534148842096e-05,  Validation Acc:0.9765, 
DEBUG:root:Final Mean AUC: 0.000271
DEBUG:root:Iteration: 39201, Training Loss: 2.3141086785471998e-05,  Validation Acc:0.9758, 
DEBUG:root:Final Mean AUC: 0.000365
DEBUG:root:Iteration: 39301, Training Loss: 1.1474001439637505e-05,  Validation Acc:0.9765, 
DEBUG:root:Final Mean AUC: 0.000352
DEBUG:root:Iteration: 39401, Training Loss: 1.2052109923388343e-05,  Validation Acc:0.9763, 
DEBUG:root:Final Mean AUC: 0.000284
DEBUG:root:Iteration: 39501, Training Loss: 4.471040028874995e-06,  Validation Acc:0.9759, 
DEBUG:root:Final Mean AUC: 0.000405
DEBUG:root:Iteration: 39601, Training Loss: 0.0001820448087528348,  Validation Acc:0.9718, 
DEBUG:root:Final Mean AUC: 0.000207
DEBUG:root:Iteration: 39701, Training Loss: 0.00014021852985024452,  Validation Acc:0.9693, 
DEBUG:root:Final Mean AUC: 0.000385
DEBUG:root:Iteration: 39801, Training Loss: 0.0498063899576664,  Validation Acc:0.9559, 
DEBUG:root:Final Mean AUC: 0.000562
DEBUG:root:Iteration: 39901, Training Loss: 0.00010034840670414269,  Validation Acc:0.9494, 
DEBUG:root:Final Mean AUC: 0.000664
DEBUG:root:Iteration: 40000, Training Loss: 0.0977221131324768,  Validation Acc:0.9547, 
DEBUG:root:Time usage: 0:21:19
DEBUG:root:Final Mean AUC: 0.000281
DEBUG:root:Accuracy on Test-Set: 97.4% (9742 / 10000)
DEBUG:root:Confusion Matrix:
DEBUG:root:[[ 970    0    4    1    0    1    1    1    2    0]
 [   0 1129    1    2    0    0    1    1    1    0]
 [   2    0 1009    6    2    0    0    7    6    0]
 [   0    1    2  979    0    6    0    9    8    5]
 [   1    0    1    0  959    2    1    2    1   15]
 [   3    0    0   13    0  863    4    1    3    5]
 [   7    3    0    1    2    8  933    1    3    0]
 [   0    4    6    0    4    0    0  996    2   16]
 [   3    0    8   12    1    6    1    3  938    2]
 [   3    5    1    8   15    2    0    9    0  966]]
